Using pre-set license
Built from '2023.1/staging' branch; Version is '2023.1.16f1 (e5ad54273a6f) revision 15052116'; Using compiler version '192829333'; Build Type 'Release'
OS: 'Windows 11  (10.0.22621) 64bit Core' Language: 'zh' Physical Memory: 31959 MB
BatchMode: 1, IsHumanControllingUs: 0, StartBugReporterOnCrash: 0, Is64bit: 1, IsPro: 1

COMMAND LINE ARGUMENTS:
C:\Program Files\Unity\Hub\Editor\2023.1.16f1\Editor\Unity.exe
-adb2
-batchMode
-noUpm
-name
AssetImportWorker1
-projectPath
C:/Users/hihis/tdtest/TowerDefensePrototype/TowerGen
-logFile
Logs/AssetImportWorker1.log
-srvPort
54000
Successfully changed project path to: C:/Users/hihis/tdtest/TowerDefensePrototype/TowerGen
C:/Users/hihis/tdtest/TowerDefensePrototype/TowerGen
[UnityMemory] Configuration Parameters - Can be set up in boot.config
    "memorysetup-bucket-allocator-granularity=16"
    "memorysetup-bucket-allocator-bucket-count=8"
    "memorysetup-bucket-allocator-block-size=33554432"
    "memorysetup-bucket-allocator-block-count=8"
    "memorysetup-main-allocator-block-size=16777216"
    "memorysetup-thread-allocator-block-size=16777216"
    "memorysetup-gfx-main-allocator-block-size=16777216"
    "memorysetup-gfx-thread-allocator-block-size=16777216"
    "memorysetup-cache-allocator-block-size=4194304"
    "memorysetup-typetree-allocator-block-size=2097152"
    "memorysetup-profiler-bucket-allocator-granularity=16"
    "memorysetup-profiler-bucket-allocator-bucket-count=8"
    "memorysetup-profiler-bucket-allocator-block-size=33554432"
    "memorysetup-profiler-bucket-allocator-block-count=8"
    "memorysetup-profiler-allocator-block-size=16777216"
    "memorysetup-profiler-editor-allocator-block-size=1048576"
    "memorysetup-temp-allocator-size-main=16777216"
    "memorysetup-job-temp-allocator-block-size=2097152"
    "memorysetup-job-temp-allocator-block-size-background=1048576"
    "memorysetup-job-temp-allocator-reduction-small-platforms=262144"
    "memorysetup-allocator-temp-initial-block-size-main=262144"
    "memorysetup-allocator-temp-initial-block-size-worker=262144"
    "memorysetup-temp-allocator-size-background-worker=32768"
    "memorysetup-temp-allocator-size-job-worker=262144"
    "memorysetup-temp-allocator-size-preload-manager=33554432"
    "memorysetup-temp-allocator-size-nav-mesh-worker=65536"
    "memorysetup-temp-allocator-size-audio-worker=65536"
    "memorysetup-temp-allocator-size-cloud-worker=32768"
    "memorysetup-temp-allocator-size-gi-baking-worker=262144"
    "memorysetup-temp-allocator-size-gfx=262144"
Player connection [37768] Host "[IP] 192.168.103.24 [Port] 0 [Flags] 2 [Guid] 1514291760 [EditorId] 1514291760 [Version] 1048832 [Id] WindowsEditor(7,ÃU¯ù) [Debug] 1 [PackageName] WindowsEditor [ProjectName] Editor" joined multi-casting on [225.0.0.222:54997]...

Player connection [37768] Host "[IP] 192.168.103.24 [Port] 0 [Flags] 2 [Guid] 1514291760 [EditorId] 1514291760 [Version] 1048832 [Id] WindowsEditor(7,ÃU¯ù) [Debug] 1 [PackageName] WindowsEditor [ProjectName] Editor" joined alternative multi-casting on [225.0.0.222:34997]...

[Physics::Module] Initialized MultithreadedJobDispatcher with 31 workers.
Library Redirect Path: Library/Refreshing native plugins compatible for Editor in 8.03 ms, found 3 plugins.
Preloading 0 native plugins for Editor in 0.00 ms.
Initialize engine version: 2023.1.16f1 (e5ad54273a6f)
[Subsystems] Discovering subsystems at path C:/Program Files/Unity/Hub/Editor/2023.1.16f1/Editor/Data/Resources/UnitySubsystems
[Subsystems] Discovering subsystems at path C:/Users/hihis/tdtest/TowerDefensePrototype/TowerGen/Assets
GfxDevice: creating device client; threaded=0; jobified=0
Direct3D:
    Version:  Direct3D 11.0 [level 11.1]
    Renderer: NVIDIA GeForce RTX 4070 Laptop GPU (ID=0x2860)
    Vendor:   NVIDIA
    VRAM:     7962 MB
    Driver:   31.0.15.3645
Initialize mono
Mono path[0] = 'C:/Program Files/Unity/Hub/Editor/2023.1.16f1/Editor/Data/Managed'
Mono path[1] = 'C:/Program Files/Unity/Hub/Editor/2023.1.16f1/Editor/Data/MonoBleedingEdge/lib/mono/unityjit-win32'
Mono config path = 'C:/Program Files/Unity/Hub/Editor/2023.1.16f1/Editor/Data/MonoBleedingEdge/etc'
Using monoOptions --debugger-agent=transport=dt_socket,embedding=1,server=y,suspend=n,address=127.0.0.1:56508
Begin MonoManager ReloadAssembly
C:\build\output\Unity-Technologies\mono\mono\metadata\icall.c:1842:
C:\build\output\Unity-Technologies\mono\mono\metadata\icall.c:1842:
C:\build\output\Unity-Technologies\mono\mono\metadata\icall.c:1842:
C:\build\output\Unity-Technologies\mono\mono\metadata\icall.c:1842:
C:\build\output\Unity-Technologies\mono\mono\metadata\icall.c:1842:
C:\build\output\Unity-Technologies\mono\mono\metadata\icall.c:1842:
C:\build\output\Unity-Technologies\mono\mono\metadata\icall.c:1842:
C:\build\output\Unity-Technologies\mono\mono\metadata\icall.c:1842:
C:\build\output\Unity-Technologies\mono\mono\metadata\icall.c:1842:
C:\build\output\Unity-Technologies\mono\mono\metadata\icall.c:1842:
Registering precompiled unity dll's ...
Register platform support module: C:/Program Files/Unity/Hub/Editor/2023.1.16f1/Editor/Data/PlaybackEngines/WebGLSupport/UnityEditor.WebGL.Extensions.dll
Register platform support module: C:/Program Files/Unity/Hub/Editor/2023.1.16f1/Editor/Data/PlaybackEngines/WindowsStandaloneSupport/UnityEditor.WindowsStandalone.Extensions.dll
Register platform support module: C:/Program Files/Unity/Hub/Editor/2023.1.16f1/Editor/Data/PlaybackEngines/AndroidPlayer/UnityEditor.Android.Extensions.dll
Registered in 0.004262 seconds.
- Loaded All Assemblies, in  0.239 seconds
Native extension for Android target not found
Android Extension - Scanning For ADB Devices 277 ms
Native extension for WindowsStandalone target not found
Native extension for WebGL target not found
Mono: successfully reloaded assembly
C:\build\output\Unity-Technologies\mono\mono\metadata\icall.c:1842:
C:\build\output\Unity-Technologies\mono\mono\metadata\icall.c:1842:
- Finished resetting the current domain, in  0.493 seconds
Domain Reload Profiling: 731ms
	BeginReloadAssembly (83ms)
		ExecutionOrderSort (0ms)
		DisableScriptedObjects (0ms)
		BackupInstance (0ms)
		ReleaseScriptingObjects (0ms)
		CreateAndSetChildDomain (0ms)
	RebuildCommonClasses (21ms)
	RebuildNativeTypeToScriptingClass (7ms)
	initialDomainReloadingComplete (32ms)
	LoadAllAssembliesAndSetupDomain (95ms)
		LoadAssemblies (83ms)
		RebuildTransferFunctionScriptingTraits (0ms)
		AnalyzeDomain (92ms)
			TypeCache.Refresh (91ms)
				TypeCache.ScanAssembly (84ms)
			ScanForSourceGeneratedMonoScriptInfo (0ms)
			ResolveRequiredComponents (0ms)
	FinalizeReload (493ms)
		ReleaseScriptCaches (0ms)
		RebuildScriptCaches (0ms)
		SetupLoadedEditorAssemblies (466ms)
			LogAssemblyErrors (0ms)
			InitializePlatformSupportModulesInManaged (350ms)
			SetLoadedEditorAssemblies (2ms)
			BeforeProcessingInitializeOnLoad (4ms)
			ProcessInitializeOnLoadAttributes (74ms)
			ProcessInitializeOnLoadMethodAttributes (37ms)
			AfterProcessingInitializeOnLoad (0ms)
			EditorAssembliesLoaded (0ms)
		ExecutionOrderSort2 (0ms)
		AwakeInstancesAfterBackupRestoration (0ms)
========================================================================
Worker process is ready to serve import requests
Import Worker Mode flag is 0x00
Begin MonoManager ReloadAssembly
C:\build\output\Unity-Technologies\mono\mono\metadata\icall.c:1842:
C:\build\output\Unity-Technologies\mono\mono\metadata\icall.c:1842:
C:\build\output\Unity-Technologies\mono\mono\metadata\icall.c:1842:
C:\build\output\Unity-Technologies\mono\mono\metadata\icall.c:1842:
C:\build\output\Unity-Technologies\mono\mono\metadata\icall.c:1842:
C:\build\output\Unity-Technologies\mono\mono\metadata\icall.c:1842:
C:\build\output\Unity-Technologies\mono\mono\metadata\icall.c:1842:
C:\build\output\Unity-Technologies\mono\mono\metadata\icall.c:1842:
C:\build\output\Unity-Technologies\mono\mono\metadata\icall.c:1842:
C:\build\output\Unity-Technologies\mono\mono\metadata\icall.c:1842:
C:\build\output\Unity-Technologies\mono\mono\metadata\icall.c:1842:
C:\build\output\Unity-Technologies\mono\mono\metadata\icall.c:1842:
Symbol file LoadedFromMemory doesn't match image C:\Users\hihis\tdtest\TowerDefensePrototype\TowerGen\Library\PackageCache\com.unity.visualscripting@1.8.0\Editor\VisualScripting.Core\Dependencies\YamlDotNet\Unity.VisualScripting.YamlDotNet.dll
Symbol file LoadedFromMemory doesn't match image C:\Users\hihis\tdtest\TowerDefensePrototype\TowerGen\Library\PackageCache\com.unity.visualscripting@1.8.0\Editor\VisualScripting.Core\Dependencies\DotNetZip\Unity.VisualScripting.IonicZip.dll
- Loaded All Assemblies, in  0.559 seconds
Refreshing native plugins compatible for Editor in 3.38 ms, found 3 plugins.
Native extension for Android target not found
Native extension for WindowsStandalone target not found
Native extension for WebGL target not found
Mono: successfully reloaded assembly
- Finished resetting the current domain, in  0.339 seconds
Domain Reload Profiling: 896ms
	BeginReloadAssembly (172ms)
		ExecutionOrderSort (0ms)
		DisableScriptedObjects (3ms)
		BackupInstance (0ms)
		ReleaseScriptingObjects (0ms)
		CreateAndSetChildDomain (23ms)
	RebuildCommonClasses (21ms)
	RebuildNativeTypeToScriptingClass (7ms)
	initialDomainReloadingComplete (23ms)
	LoadAllAssembliesAndSetupDomain (335ms)
		LoadAssemblies (216ms)
		RebuildTransferFunctionScriptingTraits (0ms)
		AnalyzeDomain (187ms)
			TypeCache.Refresh (178ms)
				TypeCache.ScanAssembly (169ms)
			ScanForSourceGeneratedMonoScriptInfo (7ms)
			ResolveRequiredComponents (2ms)
	FinalizeReload (339ms)
		ReleaseScriptCaches (0ms)
		RebuildScriptCaches (0ms)
		SetupLoadedEditorAssemblies (224ms)
			LogAssemblyErrors (0ms)
			InitializePlatformSupportModulesInManaged (13ms)
			SetLoadedEditorAssemblies (2ms)
			BeforeProcessingInitializeOnLoad (40ms)
			ProcessInitializeOnLoadAttributes (156ms)
			ProcessInitializeOnLoadMethodAttributes (12ms)
			AfterProcessingInitializeOnLoad (2ms)
			EditorAssembliesLoaded (0ms)
		ExecutionOrderSort2 (0ms)
		AwakeInstancesAfterBackupRestoration (4ms)
Launched and connected shader compiler UnityShaderCompiler.exe after 0.01 seconds
Refreshing native plugins compatible for Editor in 3.70 ms, found 3 plugins.
Preloading 0 native plugins for Editor in 0.00 ms.
Unloading 3125 Unused Serialized files (Serialized files now loaded: 0)
Unloading 32 unused Assets / (53.0 KB). Loaded Objects now: 3666.
Memory consumption went from 125.2 MB to 125.1 MB.
Total: 3.825300 ms (FindLiveObjects: 0.165900 ms CreateObjectMapping: 0.051600 ms MarkObjects: 3.535900 ms  DeleteObjects: 0.071100 ms)

AssetImportParameters requested are different than current active one (requested -> active):
  custom:video-decoder-webm-vp8: 9c59270c3fd7afecdb556c50c9e8de78 -> 
  custom:SearchIndexIgnoredProperties: e643bd26f0fe6173181afceb89e7c659 -> 
  custom:audio-encoder-webm-vorbis: bf7c407c2cedff20999df2af8eb42d56 -> 
  custom:AudioImporter_EditorPlatform: d09bf68614088b80899f8185d706f6e7 -> 
  custom:audio-decoder-ogg-vorbis: bf7c407c2cedff20999df2af8eb42d56 -> 
  custom:video-encoder-webm-vp8: eb34c28f22e8b96e1ab97ce403110664 -> 
  custom:container-demuxer-ogg: 62fdf1f143b41e24485cea50d1cbac27 -> 
  custom:framework-win-MediaFoundation: 216162199b28c13a410421893ffa2e32 -> 
  custom:video-decoder-ogg-theora: a1e56fd34408186e4bbccfd4996cb3dc -> 
  custom:container-muxer-webm: aa71ff27fc2769a1b78a27578f13a17b -> 
  custom:video-codec-MediaFoundation-h265: 746d11721c4dcdbdad8f713fa42b33f4 -> 
  custom:CustomObjectIndexerAttribute: 756ad292c208cfabdd7b50bc23989ffe -> 
  custom:container-demuxer-webm: 4f35f7cbe854078d1ac9338744f61a02 -> 
========================================================================
Received Import Request.
  Time since last request: 355962.379175 seconds.
  path: Assets/Castle 1 LITE
  artifactKey: Guid(6b5df9464e2fae345885a072f4fb4c82) Importer(815301076,1909f56bfc062723c751e8b465ee728b)
Start importing Assets/Castle 1 LITE using Guid(6b5df9464e2fae345885a072f4fb4c82) Importer(815301076,1909f56bfc062723c751e8b465ee728b)  -> (artifact id: '393ce83b5fb1ed7512e86935ddf19cbb') in 0.002263 seconds
Number of updated asset objects reloaded before import = 0
Number of asset objects unloaded after import = 0
========================================================================
Received Import Request.
  Time since last request: 0.000015 seconds.
  path: Assets/Castle 1 LITE/Prefabs
  artifactKey: Guid(0a2aaf90358e7c34ba0c26d9e8589bba) Importer(815301076,1909f56bfc062723c751e8b465ee728b)
Start importing Assets/Castle 1 LITE/Prefabs using Guid(0a2aaf90358e7c34ba0c26d9e8589bba) Importer(815301076,1909f56bfc062723c751e8b465ee728b)  -> (artifact id: '974879f93bbdedb6b57cfbf994041caf') in 0.000195 seconds
Number of updated asset objects reloaded before import = 0
Number of asset objects unloaded after import = 0
========================================================================
Received Import Request.
  Time since last request: 1.401136 seconds.
  path: Assets/Castle 1 LITE/Prefabs/Castle/2-Way Stairway L_New.prefab
  artifactKey: Guid(4387e85acbd5d1c4eaa29d65e59e5acc) Importer(815301076,1909f56bfc062723c751e8b465ee728b)
Start importing Assets/Castle 1 LITE/Prefabs/Castle/2-Way Stairway L_New.prefab using Guid(4387e85acbd5d1c4eaa29d65e59e5acc) Importer(815301076,1909f56bfc062723c751e8b465ee728b)  -> (artifact id: '89b920fad365b3a9a83973486411d166') in 0.218564 seconds
Number of updated asset objects reloaded before import = 0
Number of asset objects unloaded after import = 40
========================================================================
Received Import Request.
  Time since last request: 0.000012 seconds.
  path: Assets/Castle 1 LITE/Prefabs/Castle/Floor_2_New.prefab
  artifactKey: Guid(33d79ecdc4a00e548b463adb67a551cb) Importer(815301076,1909f56bfc062723c751e8b465ee728b)
Start importing Assets/Castle 1 LITE/Prefabs/Castle/Floor_2_New.prefab using Guid(33d79ecdc4a00e548b463adb67a551cb) Importer(815301076,1909f56bfc062723c751e8b465ee728b)  -> (artifact id: 'c6accafa79a67bb44a56705d3a072107') in 0.010486 seconds
Number of updated asset objects reloaded before import = 0
Number of asset objects unloaded after import = 12
========================================================================
Received Import Request.
  Time since last request: 0.000020 seconds.
  path: Assets/Castle 1 LITE/Prefabs/Castle/Tower 2.prefab
  artifactKey: Guid(0ad573ef122e81c4181af0f137b71a0f) Importer(815301076,1909f56bfc062723c751e8b465ee728b)
Start importing Assets/Castle 1 LITE/Prefabs/Castle/Tower 2.prefab using Guid(0ad573ef122e81c4181af0f137b71a0f) Importer(815301076,1909f56bfc062723c751e8b465ee728b)  -> (artifact id: '736081c2ba9c74d8bd57c4e723ddcd02') in 0.094642 seconds
Number of updated asset objects reloaded before import = 0
Number of asset objects unloaded after import = 11
========================================================================
Received Import Request.
  Time since last request: 0.000010 seconds.
  path: Assets/Castle 1 LITE/Prefabs/Castle/Floor_1.prefab
  artifactKey: Guid(ec8e70fa51b41e444b30f57adf2d80a9) Importer(815301076,1909f56bfc062723c751e8b465ee728b)
Start importing Assets/Castle 1 LITE/Prefabs/Castle/Floor_1.prefab using Guid(ec8e70fa51b41e444b30f57adf2d80a9) Importer(815301076,1909f56bfc062723c751e8b465ee728b)  -> (artifact id: '4543678e253d5978004c23cc67b87628') in 0.108918 seconds
Number of updated asset objects reloaded before import = 0
Number of asset objects unloaded after import = 10
========================================================================
Received Import Request.
  Time since last request: 0.000010 seconds.
  path: Assets/Castle 1 LITE/Prefabs/Castle/Wall 2.prefab
  artifactKey: Guid(be9049449b0d71a4e8628c0c60a5dd8e) Importer(815301076,1909f56bfc062723c751e8b465ee728b)
Start importing Assets/Castle 1 LITE/Prefabs/Castle/Wall 2.prefab using Guid(be9049449b0d71a4e8628c0c60a5dd8e) Importer(815301076,1909f56bfc062723c751e8b465ee728b)  -> (artifact id: 'd2890e0b6e2425725d264660e092bb04') in 0.014276 seconds
Number of updated asset objects reloaded before import = 0
Number of asset objects unloaded after import = 11
========================================================================
Received Import Request.
  Time since last request: 0.000012 seconds.
  path: Assets/Castle 1 LITE/Prefabs/Castle/Wall 2_New.prefab
  artifactKey: Guid(90b23498c82f0de429849deccf28edf0) Importer(815301076,1909f56bfc062723c751e8b465ee728b)
Start importing Assets/Castle 1 LITE/Prefabs/Castle/Wall 2_New.prefab using Guid(90b23498c82f0de429849deccf28edf0) Importer(815301076,1909f56bfc062723c751e8b465ee728b)  -> (artifact id: '76c6533fb0b2caa690d1f3e1979aa90f') in 0.021488 seconds
Number of updated asset objects reloaded before import = 0
Number of asset objects unloaded after import = 12
========================================================================
Received Import Request.
  Time since last request: 0.000025 seconds.
  path: Assets/Castle 1 LITE/Prefabs/Castle/Full Castle.prefab
  artifactKey: Guid(0cd809d02bf1f25468dd52883876e44c) Importer(815301076,1909f56bfc062723c751e8b465ee728b)
Start importing Assets/Castle 1 LITE/Prefabs/Castle/Full Castle.prefab using Guid(0cd809d02bf1f25468dd52883876e44c) Importer(815301076,1909f56bfc062723c751e8b465ee728b)  -> (artifact id: '68a3408ae7d3016cbc383f4efff4da8f') in 0.011342 seconds
Number of updated asset objects reloaded before import = 0
Number of asset objects unloaded after import = 11
========================================================================
Received Import Request.
  Time since last request: 0.000009 seconds.
  path: Assets/Castle 1 LITE/Prefabs/Castle/2-Way Stairway R_New.prefab
  artifactKey: Guid(f8e99d5d058296a47978b1e80826d2d7) Importer(815301076,1909f56bfc062723c751e8b465ee728b)
Start importing Assets/Castle 1 LITE/Prefabs/Castle/2-Way Stairway R_New.prefab using Guid(f8e99d5d058296a47978b1e80826d2d7) Importer(815301076,1909f56bfc062723c751e8b465ee728b)  -> (artifact id: 'f90226cf55885b7eeeb0ce606e8d1893') in 0.010357 seconds
Number of updated asset objects reloaded before import = 0
Number of asset objects unloaded after import = 40
========================================================================
Received Import Request.
  Time since last request: 0.000011 seconds.
  path: Assets/Castle 1 LITE/Prefabs/Castle/Castle Wall Top Ridges_1.prefab
  artifactKey: Guid(b0cad2c1f51f643488d7f12c6967df74) Importer(815301076,1909f56bfc062723c751e8b465ee728b)
Start importing Assets/Castle 1 LITE/Prefabs/Castle/Castle Wall Top Ridges_1.prefab using Guid(b0cad2c1f51f643488d7f12c6967df74) Importer(815301076,1909f56bfc062723c751e8b465ee728b)  -> (artifact id: 'f9f33073d5867905a5ce2f0ecb3dfc90') in 0.008317 seconds
Number of updated asset objects reloaded before import = 0
Number of asset objects unloaded after import = 12
========================================================================
Received Import Request.
  Time since last request: 0.000011 seconds.
  path: Assets/Castle 1 LITE/Prefabs/Castle/2-Way Stairway R.prefab
  artifactKey: Guid(074acfee07c5ad44388b41a01c19bbbb) Importer(815301076,1909f56bfc062723c751e8b465ee728b)
Start importing Assets/Castle 1 LITE/Prefabs/Castle/2-Way Stairway R.prefab using Guid(074acfee07c5ad44388b41a01c19bbbb) Importer(815301076,1909f56bfc062723c751e8b465ee728b)  -> (artifact id: '6a67dd0e479494ca39d701576b356de9') in 0.013618 seconds
Number of updated asset objects reloaded before import = 0
Number of asset objects unloaded after import = 38
========================================================================
Received Import Request.
  Time since last request: 0.000010 seconds.
  path: Assets/Castle 1 LITE/Prefabs/Castle/Castle Wall One Sided_1_New.prefab
  artifactKey: Guid(c80b398710b58654bb57ade326959d81) Importer(815301076,1909f56bfc062723c751e8b465ee728b)
Start importing Assets/Castle 1 LITE/Prefabs/Castle/Castle Wall One Sided_1_New.prefab using Guid(c80b398710b58654bb57ade326959d81) Importer(815301076,1909f56bfc062723c751e8b465ee728b)  -> (artifact id: '99089505b142680892c0b4b28940d358') in 0.011104 seconds
Number of updated asset objects reloaded before import = 0
Number of asset objects unloaded after import = 14
========================================================================
Received Import Request.
  Time since last request: 0.000012 seconds.
  path: Assets/Castle 1 LITE/Prefabs/Castle/C_Monument_1.prefab
  artifactKey: Guid(26549b7fab7c3c44f83df2c6b0d9f35a) Importer(815301076,1909f56bfc062723c751e8b465ee728b)
Start importing Assets/Castle 1 LITE/Prefabs/Castle/C_Monument_1.prefab using Guid(26549b7fab7c3c44f83df2c6b0d9f35a) Importer(815301076,1909f56bfc062723c751e8b465ee728b)  -> (artifact id: '704636d92a992cec1f977cd9a21688f1') in 0.008318 seconds
Number of updated asset objects reloaded before import = 0
Number of asset objects unloaded after import = 12
========================================================================
Received Import Request.
  Time since last request: 0.000011 seconds.
  path: Assets/Castle 1 LITE/Prefabs/Castle/Wall 1_New.prefab
  artifactKey: Guid(59aeb7cf1c26b124796f7190b1ffe1ed) Importer(815301076,1909f56bfc062723c751e8b465ee728b)
Start importing Assets/Castle 1 LITE/Prefabs/Castle/Wall 1_New.prefab using Guid(59aeb7cf1c26b124796f7190b1ffe1ed) Importer(815301076,1909f56bfc062723c751e8b465ee728b)  -> (artifact id: 'e5e6a5317b6f2883e529cba8ff425c6e') in 0.008639 seconds
Number of updated asset objects reloaded before import = 0
Number of asset objects unloaded after import = 12
========================================================================
Received Import Request.
  Time since last request: 5.956934 seconds.
  path: Assets/Castle 1 LITE/Prefabs/Blacksmith/Blacksmith Full_New.prefab
  artifactKey: Guid(9249001ed999d1d4da603fd523a0de72) Importer(815301076,1909f56bfc062723c751e8b465ee728b)
Start importing Assets/Castle 1 LITE/Prefabs/Blacksmith/Blacksmith Full_New.prefab using Guid(9249001ed999d1d4da603fd523a0de72) Importer(815301076,1909f56bfc062723c751e8b465ee728b)  -> (artifact id: '0c90e794e554fa9fc4a648cc32cee7a8') in 0.008583 seconds
Number of updated asset objects reloaded before import = 0
Number of asset objects unloaded after import = 58
========================================================================
Received Import Request.
  Time since last request: 0.000016 seconds.
  path: Assets/Castle 1 LITE/Prefabs/Blacksmith/Square Log_New.prefab
  artifactKey: Guid(95912207be78d97489d179f9b2e675e5) Importer(815301076,1909f56bfc062723c751e8b465ee728b)
Start importing Assets/Castle 1 LITE/Prefabs/Blacksmith/Square Log_New.prefab using Guid(95912207be78d97489d179f9b2e675e5) Importer(815301076,1909f56bfc062723c751e8b465ee728b)  -> (artifact id: 'ddf676ef0f6398ea388c542ebee21475') in 0.007931 seconds
Number of updated asset objects reloaded before import = 0
Number of asset objects unloaded after import = 12
========================================================================
Received Import Request.
  Time since last request: 0.000011 seconds.
  path: Assets/Castle 1 LITE/Prefabs/Blacksmith/Square Log.prefab
  artifactKey: Guid(82e3ebe75bab28744b4da9798933ba9f) Importer(815301076,1909f56bfc062723c751e8b465ee728b)
Start importing Assets/Castle 1 LITE/Prefabs/Blacksmith/Square Log.prefab using Guid(82e3ebe75bab28744b4da9798933ba9f) Importer(815301076,1909f56bfc062723c751e8b465ee728b)  -> (artifact id: '05d2295976742df28c91e92c6830fc67') in 0.063613 seconds
Number of updated asset objects reloaded before import = 0
Number of asset objects unloaded after import = 10
========================================================================
Received Import Request.
  Time since last request: 0.000016 seconds.
  path: Assets/Castle 1 LITE/Prefabs/Blacksmith/Furnace_New.prefab
  artifactKey: Guid(25e33a73003213d459352a83a7be76c3) Importer(815301076,1909f56bfc062723c751e8b465ee728b)
Start importing Assets/Castle 1 LITE/Prefabs/Blacksmith/Furnace_New.prefab using Guid(25e33a73003213d459352a83a7be76c3) Importer(815301076,1909f56bfc062723c751e8b465ee728b)  -> (artifact id: '80ebaa0f10183b07c72f54a5d98743ea') in 0.008100 seconds
Number of updated asset objects reloaded before import = 0
Number of asset objects unloaded after import = 12
========================================================================
Received Import Request.
  Time since last request: 0.000028 seconds.
  path: Assets/Castle 1 LITE/Prefabs/Blacksmith/Hanging Rack.prefab
  artifactKey: Guid(f6da58825a0200247b3b2f641e7545f9) Importer(815301076,1909f56bfc062723c751e8b465ee728b)
Start importing Assets/Castle 1 LITE/Prefabs/Blacksmith/Hanging Rack.prefab using Guid(f6da58825a0200247b3b2f641e7545f9) Importer(815301076,1909f56bfc062723c751e8b465ee728b)  -> (artifact id: 'd35d0bd65a80b25e8b5976a0c6984304') in 0.006230 seconds
Number of updated asset objects reloaded before import = 0
Number of asset objects unloaded after import = 10
========================================================================
Received Import Request.
  Time since last request: 5.576830 seconds.
  path: Assets/Castle 1 LITE/FBX/Castle 1.fbx
  artifactKey: Guid(950a899a61407f04692504e9f4a96075) Importer(815301076,1909f56bfc062723c751e8b465ee728b)
Start importing Assets/Castle 1 LITE/FBX/Castle 1.fbx using Guid(950a899a61407f04692504e9f4a96075) Importer(815301076,1909f56bfc062723c751e8b465ee728b)  -> (artifact id: 'e70f34975d875dcb24d7a0e9a278a73d') in 0.267354 seconds
Number of updated asset objects reloaded before import = 0
Number of asset objects unloaded after import = 46
========================================================================
Received Import Request.
  Time since last request: 10.441630 seconds.
  path: Assets/Castle 1 LITE/Texture/Appliances UV New Normal.png
  artifactKey: Guid(ee7d1b586dfcb4548b571adb812237b5) Importer(815301076,1909f56bfc062723c751e8b465ee728b)
Start importing Assets/Castle 1 LITE/Texture/Appliances UV New Normal.png using Guid(ee7d1b586dfcb4548b571adb812237b5) Importer(815301076,1909f56bfc062723c751e8b465ee728b)  -> (artifact id: '46bc8cd84822f7b0007d77bfeb4617fe') in 0.012411 seconds
Number of updated asset objects reloaded before import = 0
Number of asset objects unloaded after import = 2
========================================================================
Received Import Request.
  Time since last request: 0.000017 seconds.
  path: Assets/Castle 1 LITE/Texture/Castle Set UV New.png
  artifactKey: Guid(ea45f34eeb60bc94b86777e7de9ad3d0) Importer(815301076,1909f56bfc062723c751e8b465ee728b)
Start importing Assets/Castle 1 LITE/Texture/Castle Set UV New.png using Guid(ea45f34eeb60bc94b86777e7de9ad3d0) Importer(815301076,1909f56bfc062723c751e8b465ee728b)  -> (artifact id: '76e46cabd17e0336a1ec7ef4921b42b8') in 0.006431 seconds
Number of updated asset objects reloaded before import = 0
Number of asset objects unloaded after import = 2
Editor requested this worker to shutdown with reason: Scaling down because of idle timeout
AssetImportWorker is now disconnected from the server
Process exiting
Exiting without the bug reporter. Application will terminate with return code 0